<?xml version="1.0" encoding="UTF-8"?>
<coverage generated="1757608128337" clover="3.2.0">
  <project timestamp="1757608128337" name="All files">
    <metrics statements="40" coveredstatements="18" conditionals="35" coveredconditionals="13" methods="16" coveredmethods="6" elements="91" coveredelements="37" complexity="0" loc="40" ncloc="40" packages="1" files="2" classes="2"/>
    <file name="book.js" path="C:\TestingEnvironment\up\book-manager-node\book.js">
      <metrics statements="14" coveredstatements="7" conditionals="17" coveredconditionals="9" methods="3" coveredmethods="1"/>
      <line num="3" count="2" type="cond" truecount="3" falsecount="1"/>
      <line num="4" count="0" type="stmt"/>
      <line num="7" count="2" type="cond" truecount="3" falsecount="1"/>
      <line num="8" count="0" type="stmt"/>
      <line num="11" count="2" type="cond" truecount="3" falsecount="1"/>
      <line num="12" count="0" type="stmt"/>
      <line num="15" count="2" type="stmt"/>
      <line num="16" count="2" type="stmt"/>
      <line num="17" count="2" type="stmt"/>
      <line num="21" count="0" type="stmt"/>
      <line num="25" count="0" type="cond" truecount="0" falsecount="2"/>
      <line num="26" count="0" type="stmt"/>
      <line num="29" count="0" type="cond" truecount="0" falsecount="3"/>
      <line num="35" count="1" type="stmt"/>
    </file>
    <file name="bookmanager.js" path="C:\TestingEnvironment\up\book-manager-node\bookmanager.js">
      <metrics statements="26" coveredstatements="11" conditionals="18" coveredconditionals="4" methods="13" coveredmethods="5"/>
      <line num="1" count="1" type="stmt"/>
      <line num="5" count="5" type="stmt"/>
      <line num="9" count="2" type="cond" truecount="1" falsecount="1"/>
      <line num="10" count="0" type="stmt"/>
      <line num="12" count="2" type="stmt"/>
      <line num="16" count="1" type="cond" truecount="3" falsecount="1"/>
      <line num="17" count="0" type="stmt"/>
      <line num="20" count="1" type="stmt"/>
      <line num="21" count="1" type="stmt"/>
      <line num="22" count="1" type="stmt"/>
      <line num="23" count="1" type="stmt"/>
      <line num="27" count="0" type="stmt"/>
      <line num="31" count="0" type="cond" truecount="0" falsecount="4"/>
      <line num="32" count="0" type="stmt"/>
      <line num="35" count="0" type="stmt"/>
      <line num="36" count="0" type="stmt"/>
      <line num="40" count="0" type="cond" truecount="0" falsecount="4"/>
      <line num="41" count="0" type="stmt"/>
      <line num="43" count="0" type="stmt"/>
      <line num="47" count="2" type="stmt"/>
      <line num="51" count="0" type="cond" truecount="0" falsecount="4"/>
      <line num="52" count="0" type="stmt"/>
      <line num="55" count="0" type="stmt"/>
      <line num="56" count="0" type="stmt"/>
      <line num="60" count="0" type="stmt"/>
      <line num="64" count="1" type="stmt"/>
    </file>
  </project>
</coverage>
